This file contains any messages produced by compilers while
running configure, to aid debugging if configure makes a mistake.

It was created by ocelot configure 0.8, which was
generated by GNU Autoconf 2.69.  Invocation command line was

  $ ./configure 

## --------- ##
## Platform. ##
## --------- ##

hostname = mbp.local
uname -m = x86_64
uname -r = 13.3.0
uname -s = Darwin
uname -v = Darwin Kernel Version 13.3.0: Tue Jun  3 21:27:35 PDT 2014; root:xnu-2422.110.17~1/RELEASE_X86_64

/usr/bin/uname -p = i386
/bin/uname -X     = unknown

/bin/arch              = unknown
/usr/bin/arch -k       = unknown
/usr/convex/getsysinfo = unknown
/usr/bin/hostinfo      = Mach kernel version:
	 Darwin Kernel Version 13.3.0: Tue Jun  3 21:27:35 PDT 2014; root:xnu-2422.110.17~1/RELEASE_X86_64
Kernel configured for up to 8 processors.
4 processors are physically available.
8 processors are logically available.
Processor type: i486 (Intel 80486)
Processors active: 0 1 2 3 4 5 6 7
Primary memory available: 16.00 gigabytes
Default processor set: 261 tasks, 1329 threads, 8 processors
Load average: 1.49, Mach factor: 6.49
/bin/machine           = unknown
/usr/bin/oslevel       = unknown
/bin/universe          = unknown

PATH: /Users/film42/.rvm/gems/ruby-2.0.0-p247/bin
PATH: /Users/film42/.rvm/gems/ruby-2.0.0-p247@global/bin
PATH: /Users/film42/.rvm/rubies/ruby-2.0.0-p247/bin
PATH: /Users/film42/.rvm/bin
PATH: /usr/local/Cellar/appengine-java-sdk-1.9.2/bin
PATH: /usr/local/bin
PATH: /usr/bin
PATH: /bin
PATH: /usr/sbin
PATH: /sbin
PATH: /Applications/Postgres.app/Contents/MacOS/bin
PATH: /Users/film42/bin
PATH: /usr/local/sbin
PATH: /usr/local/heroku/bin


## ----------- ##
## Core tests. ##
## ----------- ##

configure:2230: checking for a BSD-compatible install
configure:2298: result: /usr/bin/install -c
configure:2309: checking whether build environment is sane
configure:2364: result: yes
configure:2515: checking for a thread-safe mkdir -p
configure:2554: result: ./install-sh -c -d
configure:2561: checking for gawk
configure:2591: result: no
configure:2561: checking for mawk
configure:2591: result: no
configure:2561: checking for nawk
configure:2591: result: no
configure:2561: checking for awk
configure:2577: found /usr/bin/awk
configure:2588: result: awk
configure:2599: checking whether make sets $(MAKE)
configure:2621: result: yes
configure:2650: checking whether make supports nested variables
configure:2667: result: yes
configure:2841: checking for g++
configure:2857: found /usr/bin/g++
configure:2868: result: g++
configure:2895: checking for C++ compiler version
configure:2904: g++ --version >&5
Apple LLVM version 5.1 (clang-503.0.40) (based on LLVM 3.4svn)
Target: x86_64-apple-darwin13.3.0
Thread model: posix
Configured with: --prefix=/Applications/Xcode.app/Contents/Developer/usr --with-gxx-include-dir=/usr/include/c++/4.2.1
configure:2915: $? = 0
configure:2904: g++ -v >&5
Configured with: --prefix=/Applications/Xcode.app/Contents/Developer/usr --with-gxx-include-dir=/usr/include/c++/4.2.1
Apple LLVM version 5.1 (clang-503.0.40) (based on LLVM 3.4svn)
Target: x86_64-apple-darwin13.3.0
Thread model: posix
configure:2915: $? = 0
configure:2904: g++ -V >&5
clang: error: argument to '-V' is missing (expected 1 value)
clang: error: no input files
configure:2915: $? = 1
configure:2904: g++ -qversion >&5
clang: error: unknown argument: '-qversion' [-Wunused-command-line-argument-hard-error-in-future]
clang: note: this will be a hard error (cannot be downgraded to a warning) in the future
clang: error: no input files
configure:2915: $? = 1
configure:2935: checking whether the C++ compiler works
configure:2957: g++    conftest.cpp  >&5
configure:2961: $? = 0
configure:3009: result: yes
configure:3012: checking for C++ compiler default output file name
configure:3014: result: a.out
configure:3020: checking for suffix of executables
configure:3027: g++ -o conftest    conftest.cpp  >&5
configure:3031: $? = 0
configure:3053: result: 
configure:3075: checking whether we are cross compiling
configure:3083: g++ -o conftest    conftest.cpp  >&5
configure:3087: $? = 0
configure:3094: ./conftest
configure:3098: $? = 0
configure:3113: result: no
configure:3118: checking for suffix of object files
configure:3140: g++ -c   conftest.cpp >&5
configure:3144: $? = 0
configure:3165: result: o
configure:3169: checking whether we are using the GNU C++ compiler
configure:3188: g++ -c   conftest.cpp >&5
configure:3188: $? = 0
configure:3197: result: yes
configure:3206: checking whether g++ accepts -g
configure:3226: g++ -c -g  conftest.cpp >&5
configure:3226: $? = 0
configure:3267: result: yes
configure:3301: checking for style of include used by make
configure:3329: result: GNU
configure:3355: checking dependency style of g++
configure:3466: result: gcc3
configure:3532: checking for gcc
configure:3548: found /usr/bin/gcc
configure:3559: result: gcc
configure:3788: checking for C compiler version
configure:3797: gcc --version >&5
Apple LLVM version 5.1 (clang-503.0.40) (based on LLVM 3.4svn)
Target: x86_64-apple-darwin13.3.0
Thread model: posix
Configured with: --prefix=/Applications/Xcode.app/Contents/Developer/usr --with-gxx-include-dir=/usr/include/c++/4.2.1
configure:3808: $? = 0
configure:3797: gcc -v >&5
Configured with: --prefix=/Applications/Xcode.app/Contents/Developer/usr --with-gxx-include-dir=/usr/include/c++/4.2.1
Apple LLVM version 5.1 (clang-503.0.40) (based on LLVM 3.4svn)
Target: x86_64-apple-darwin13.3.0
Thread model: posix
configure:3808: $? = 0
configure:3797: gcc -V >&5
clang: error: argument to '-V' is missing (expected 1 value)
clang: error: no input files
configure:3808: $? = 1
configure:3797: gcc -qversion >&5
clang: error: unknown argument: '-qversion' [-Wunused-command-line-argument-hard-error-in-future]
clang: note: this will be a hard error (cannot be downgraded to a warning) in the future
clang: error: no input files
configure:3808: $? = 1
configure:3812: checking whether we are using the GNU C compiler
configure:3831: gcc -c   conftest.c >&5
configure:3831: $? = 0
configure:3840: result: yes
configure:3849: checking whether gcc accepts -g
configure:3869: gcc -c -g  conftest.c >&5
configure:3869: $? = 0
configure:3910: result: yes
configure:3927: checking for gcc option to accept ISO C89
configure:3990: gcc  -c -g -O2  conftest.c >&5
configure:3990: $? = 0
configure:4003: result: none needed
configure:4028: checking whether gcc understands -c and -o together
configure:4050: gcc -c conftest.c -o conftest2.o
configure:4053: $? = 0
configure:4050: gcc -c conftest.c -o conftest2.o
configure:4053: $? = 0
configure:4065: result: yes
configure:4084: checking dependency style of gcc
configure:4195: result: gcc3
configure:4211: checking whether C compiler accepts -std=c++11
configure:4230: gcc -c -g -O2  -std=c++11  conftest.c >&5
error: invalid argument '-std=c++11' not allowed with 'C/ObjC'
configure:4230: $? = 1
configure: failed program was:
| /* confdefs.h */
| #define PACKAGE_NAME "ocelot"
| #define PACKAGE_TARNAME "ocelot"
| #define PACKAGE_VERSION "0.8"
| #define PACKAGE_STRING "ocelot 0.8"
| #define PACKAGE_BUGREPORT ""
| #define PACKAGE_URL ""
| /* end confdefs.h.  */
| 
| int
| main ()
| {
| 
|   ;
|   return 0;
| }
configure:4238: result: no
configure:4243: error: Compiler does not support -std=c++11

## ---------------- ##
## Cache variables. ##
## ---------------- ##

ac_cv_c_compiler_gnu=yes
ac_cv_cxx_compiler_gnu=yes
ac_cv_env_CCC_set=
ac_cv_env_CCC_value=
ac_cv_env_CC_set=
ac_cv_env_CC_value=
ac_cv_env_CFLAGS_set=
ac_cv_env_CFLAGS_value=
ac_cv_env_CPPFLAGS_set=
ac_cv_env_CPPFLAGS_value=
ac_cv_env_CPP_set=
ac_cv_env_CPP_value=
ac_cv_env_CXXFLAGS_set=
ac_cv_env_CXXFLAGS_value=
ac_cv_env_CXX_set=
ac_cv_env_CXX_value=
ac_cv_env_LDFLAGS_set=
ac_cv_env_LDFLAGS_value=
ac_cv_env_LIBS_set=
ac_cv_env_LIBS_value=
ac_cv_env_build_alias_set=
ac_cv_env_build_alias_value=
ac_cv_env_host_alias_set=
ac_cv_env_host_alias_value=
ac_cv_env_target_alias_set=
ac_cv_env_target_alias_value=
ac_cv_objext=o
ac_cv_path_install='/usr/bin/install -c'
ac_cv_prog_AWK=awk
ac_cv_prog_ac_ct_CC=gcc
ac_cv_prog_ac_ct_CXX=g++
ac_cv_prog_cc_c89=
ac_cv_prog_cc_g=yes
ac_cv_prog_cxx_g=yes
ac_cv_prog_make_make_set=yes
am_cv_CC_dependencies_compiler_type=gcc3
am_cv_CXX_dependencies_compiler_type=gcc3
am_cv_make_support_nested_variables=yes
am_cv_prog_cc_c_o=yes
ax_cv_check_cflags___std_cpp11=no

## ----------------- ##
## Output variables. ##
## ----------------- ##

ACLOCAL='${SHELL} /Users/film42/Downloads/ocelot-0.8/missing aclocal-1.14'
AMDEPBACKSLASH='\'
AMDEP_FALSE='#'
AMDEP_TRUE=''
AMTAR='$${TAR-tar}'
AM_BACKSLASH='\'
AM_DEFAULT_V='$(AM_DEFAULT_VERBOSITY)'
AM_DEFAULT_VERBOSITY='1'
AM_V='$(V)'
AUTOCONF='${SHELL} /Users/film42/Downloads/ocelot-0.8/missing autoconf'
AUTOHEADER='${SHELL} /Users/film42/Downloads/ocelot-0.8/missing autoheader'
AUTOMAKE='${SHELL} /Users/film42/Downloads/ocelot-0.8/missing automake-1.14'
AWK='awk'
BOOST_CPPFLAGS=''
BOOST_IOSTREAMS_LIB=''
BOOST_LDFLAGS=''
BOOST_SYSTEM_LIB=''
CC='gcc'
CCDEPMODE='depmode=gcc3'
CFLAGS='-g -O2'
CPP=''
CPPFLAGS=''
CXX='g++'
CXXDEPMODE='depmode=gcc3'
CXXFLAGS='-g -O2'
CYGPATH_W='echo'
DEFS=''
DEPDIR='.deps'
ECHO_C='\c'
ECHO_N=''
ECHO_T=''
EGREP=''
EV_INC_DIR=''
EV_LIB_DIR=''
EXEEXT=''
GREP=''
INSTALL_DATA='${INSTALL} -m 644'
INSTALL_PROGRAM='${INSTALL}'
INSTALL_SCRIPT='${INSTALL}'
INSTALL_STRIP_PROGRAM='$(install_sh) -c -s'
LDFLAGS=''
LIBOBJS=''
LIBS=''
LTLIBOBJS=''
MAKEINFO='${SHELL} /Users/film42/Downloads/ocelot-0.8/missing makeinfo'
MKDIR_P='./install-sh -c -d'
MYSQLPP_INC_DIR=''
MYSQLPP_LIB_DIR=''
MYSQL_C_INC_DIR=''
MYSQL_C_LIB_DIR=''
MYSQL_C_LIB_NAME=''
OBJEXT='o'
PACKAGE='ocelot'
PACKAGE_BUGREPORT=''
PACKAGE_NAME='ocelot'
PACKAGE_STRING='ocelot 0.8'
PACKAGE_TARNAME='ocelot'
PACKAGE_URL=''
PACKAGE_VERSION='0.8'
PATH_SEPARATOR=':'
SET_MAKE=''
SHELL='/bin/sh'
STRIP=''
VERSION='0.8'
ac_ct_CC='gcc'
ac_ct_CXX='g++'
am__EXEEXT_FALSE=''
am__EXEEXT_TRUE=''
am__fastdepCC_FALSE='#'
am__fastdepCC_TRUE=''
am__fastdepCXX_FALSE='#'
am__fastdepCXX_TRUE=''
am__include='include'
am__isrc=''
am__leading_dot='.'
am__nodep='_no'
am__quote=''
am__tar='$${TAR-tar} chof - "$$tardir"'
am__untar='$${TAR-tar} xf -'
bindir='${exec_prefix}/bin'
build=''
build_alias=''
build_cpu=''
build_os=''
build_vendor=''
datadir='${datarootdir}'
datarootdir='${prefix}/share'
docdir='${datarootdir}/doc/${PACKAGE_TARNAME}'
dvidir='${docdir}'
exec_prefix='NONE'
host_alias=''
htmldir='${docdir}'
includedir='${prefix}/include'
infodir='${datarootdir}/info'
install_sh='${SHELL} /Users/film42/Downloads/ocelot-0.8/install-sh'
libdir='${exec_prefix}/lib'
libexecdir='${exec_prefix}/libexec'
localedir='${datarootdir}/locale'
localstatedir='${prefix}/var'
mandir='${datarootdir}/man'
mkdir_p='$(MKDIR_P)'
oldincludedir='/usr/include'
pdfdir='${docdir}'
prefix='NONE'
program_transform_name='s,x,x,'
psdir='${docdir}'
sbindir='${exec_prefix}/sbin'
sharedstatedir='${prefix}/com'
sysconfdir='${prefix}/etc'
target_alias=''

## ----------- ##
## confdefs.h. ##
## ----------- ##

/* confdefs.h */
#define PACKAGE_NAME "ocelot"
#define PACKAGE_TARNAME "ocelot"
#define PACKAGE_VERSION "0.8"
#define PACKAGE_STRING "ocelot 0.8"
#define PACKAGE_BUGREPORT ""
#define PACKAGE_URL ""

configure: exit 1
